2025-09-09T22:40:35.391+05:30  INFO 22312 --- [EmployeeManagement] [main] c.e.e.EmployeeManagementApplication      : Starting EmployeeManagementApplication using Java 18.0.2 with PID 22312 (C:\Users\ankit\OneDrive\Desktop\employee-management\employee-management\target\classes started by ankit in C:\Users\ankit\OneDrive\Desktop\employee-management)
2025-09-09T22:40:35.416+05:30 DEBUG 22312 --- [EmployeeManagement] [main] c.e.e.EmployeeManagementApplication      : Running with Spring Boot v3.5.4, Spring v6.2.9
2025-09-09T22:40:35.418+05:30  INFO 22312 --- [EmployeeManagement] [main] c.e.e.EmployeeManagementApplication      : No active profile set, falling back to 1 default profile: "default"
2025-09-09T22:40:37.571+05:30  INFO 22312 --- [EmployeeManagement] [main] .s.d.r.c.RepositoryConfigurationDelegate : Multiple Spring Data modules found, entering strict repository configuration mode
2025-09-09T22:40:37.575+05:30  INFO 22312 --- [EmployeeManagement] [main] .s.d.r.c.RepositoryConfigurationDelegate : Bootstrapping Spring Data JPA repositories in DEFAULT mode.
2025-09-09T22:40:37.941+05:30  INFO 22312 --- [EmployeeManagement] [main] .s.d.r.c.RepositoryConfigurationDelegate : Finished Spring Data repository scanning in 347 ms. Found 2 JPA repository interfaces.
2025-09-09T22:40:37.978+05:30  INFO 22312 --- [EmployeeManagement] [main] .s.d.r.c.RepositoryConfigurationDelegate : Multiple Spring Data modules found, entering strict repository configuration mode
2025-09-09T22:40:37.980+05:30  INFO 22312 --- [EmployeeManagement] [main] .s.d.r.c.RepositoryConfigurationDelegate : Bootstrapping Spring Data Redis repositories in DEFAULT mode.
2025-09-09T22:40:38.017+05:30  INFO 22312 --- [EmployeeManagement] [main] .RepositoryConfigurationExtensionSupport : Spring Data Redis - Could not safely identify store assignment for repository candidate interface com.example.employee_management.repository.EmployeeRepository; If you want this repository to be a Redis repository, consider annotating your entities with one of these annotations: org.springframework.data.redis.core.RedisHash (preferred), or consider extending one of the following types with your repository: org.springframework.data.keyvalue.repository.KeyValueRepository
2025-09-09T22:40:38.021+05:30  INFO 22312 --- [EmployeeManagement] [main] .RepositoryConfigurationExtensionSupport : Spring Data Redis - Could not safely identify store assignment for repository candidate interface com.example.employee_management.repository.UserRepository; If you want this repository to be a Redis repository, consider annotating your entities with one of these annotations: org.springframework.data.redis.core.RedisHash (preferred), or consider extending one of the following types with your repository: org.springframework.data.keyvalue.repository.KeyValueRepository
2025-09-09T22:40:38.021+05:30  INFO 22312 --- [EmployeeManagement] [main] .s.d.r.c.RepositoryConfigurationDelegate : Finished Spring Data repository scanning in 19 ms. Found 0 Redis repository interfaces.
2025-09-09T22:40:40.152+05:30  INFO 22312 --- [EmployeeManagement] [main] o.s.b.w.embedded.tomcat.TomcatWebServer  : Tomcat initialized with port 8080 (http)
2025-09-09T22:40:40.180+05:30  INFO 22312 --- [EmployeeManagement] [main] o.apache.catalina.core.StandardService   : Starting service [Tomcat]
2025-09-09T22:40:40.180+05:30  INFO 22312 --- [EmployeeManagement] [main] o.apache.catalina.core.StandardEngine    : Starting Servlet engine: [Apache Tomcat/10.1.43]
2025-09-09T22:40:40.300+05:30  INFO 22312 --- [EmployeeManagement] [main] o.a.c.c.C.[Tomcat].[localhost].[/]       : Initializing Spring embedded WebApplicationContext
2025-09-09T22:40:40.301+05:30  INFO 22312 --- [EmployeeManagement] [main] w.s.c.ServletWebServerApplicationContext : Root WebApplicationContext: initialization completed in 4765 ms
2025-09-09T22:40:41.267+05:30  INFO 22312 --- [EmployeeManagement] [main] o.hibernate.jpa.internal.util.LogHelper  : HHH000204: Processing PersistenceUnitInfo [name: default]
2025-09-09T22:40:41.421+05:30  INFO 22312 --- [EmployeeManagement] [main] org.hibernate.Version                    : HHH000412: Hibernate ORM core version 6.6.22.Final
2025-09-09T22:40:41.510+05:30  INFO 22312 --- [EmployeeManagement] [main] o.h.c.internal.RegionFactoryInitiator    : HHH000026: Second-level cache disabled
2025-09-09T22:40:41.994+05:30  INFO 22312 --- [EmployeeManagement] [main] o.s.o.j.p.SpringPersistenceUnitInfo      : No LoadTimeWeaver setup: ignoring JPA class transformer
2025-09-09T22:40:42.048+05:30  INFO 22312 --- [EmployeeManagement] [main] com.zaxxer.hikari.HikariDataSource       : HikariPool-1 - Starting...
2025-09-09T22:40:42.574+05:30  INFO 22312 --- [EmployeeManagement] [main] com.zaxxer.hikari.pool.HikariPool        : HikariPool-1 - Added connection com.mysql.cj.jdbc.ConnectionImpl@7cbe3a05
2025-09-09T22:40:42.576+05:30  INFO 22312 --- [EmployeeManagement] [main] com.zaxxer.hikari.HikariDataSource       : HikariPool-1 - Start completed.
2025-09-09T22:40:42.722+05:30  WARN 22312 --- [EmployeeManagement] [main] org.hibernate.orm.deprecation            : HHH90000025: MySQL8Dialect does not need to be specified explicitly using 'hibernate.dialect' (remove the property setting and it will be selected by default)
2025-09-09T22:40:42.724+05:30  WARN 22312 --- [EmployeeManagement] [main] org.hibernate.orm.deprecation            : HHH90000026: MySQL8Dialect has been deprecated; use org.hibernate.dialect.MySQLDialect instead
2025-09-09T22:40:42.752+05:30  INFO 22312 --- [EmployeeManagement] [main] org.hibernate.orm.connections.pooling    : HHH10001005: Database info:
	Database JDBC URL [Connecting through datasource 'HikariDataSource (HikariPool-1)']
	Database driver: undefined/unknown
	Database version: 8.0
	Autocommit mode: undefined/unknown
	Isolation level: undefined/unknown
	Minimum pool size: undefined/unknown
	Maximum pool size: undefined/unknown
2025-09-09T22:40:44.065+05:30  INFO 22312 --- [EmployeeManagement] [main] o.h.e.t.j.p.i.JtaPlatformInitiator       : HHH000489: No JTA platform available (set 'hibernate.transaction.jta.platform' to enable JTA platform integration)
2025-09-09T22:40:44.318+05:30  INFO 22312 --- [EmployeeManagement] [main] j.LocalContainerEntityManagerFactoryBean : Initialized JPA EntityManagerFactory for persistence unit 'default'
2025-09-09T22:40:44.870+05:30 DEBUG 22312 --- [EmployeeManagement] [main] c.e.e.security.JwtAuthenticationFilter   : Filter 'jwtAuthenticationFilter' configured for use
2025-09-09T22:40:45.022+05:30  INFO 22312 --- [EmployeeManagement] [main] eAuthenticationProviderManagerConfigurer : Global AuthenticationManager configured with AuthenticationProvider bean with name daoAuthProvider
2025-09-09T22:40:45.024+05:30  WARN 22312 --- [EmployeeManagement] [main] r$InitializeUserDetailsManagerConfigurer : Global AuthenticationManager configured with an AuthenticationProvider bean. UserDetailsService beans will not be used by Spring Security for automatically configuring username/password login. Consider removing the AuthenticationProvider bean. Alternatively, consider using the UserDetailsService in a manually instantiated DaoAuthenticationProvider. If the current configuration is intentional, to turn off this warning, increase the logging level of 'org.springframework.security.config.annotation.authentication.configuration.InitializeUserDetailsBeanManagerConfigurer' to ERROR
2025-09-09T22:40:45.168+05:30  INFO 22312 --- [EmployeeManagement] [main] c.e.e.service.FileStorageService         : File storage location set to: C:\Users\ankit\OneDrive\Desktop\employee-management\uploads
2025-09-09T22:40:45.286+05:30  WARN 22312 --- [EmployeeManagement] [main] JpaBaseConfiguration$JpaWebConfiguration : spring.jpa.open-in-view is enabled by default. Therefore, database queries may be performed during view rendering. Explicitly configure spring.jpa.open-in-view to disable this warning
2025-09-09T22:40:47.219+05:30  INFO 22312 --- [EmployeeManagement] [main] o.s.b.w.embedded.tomcat.TomcatWebServer  : Tomcat started on port 8080 (http) with context path '/'
2025-09-09T22:40:47.244+05:30  INFO 22312 --- [EmployeeManagement] [main] c.e.e.EmployeeManagementApplication      : Started EmployeeManagementApplication in 13.095 seconds (process running for 14.181)
2025-09-09T22:41:21.231+05:30  INFO 22312 --- [EmployeeManagement] [http-nio-8080-exec-2] o.apache.coyote.http11.Http11Processor   : Error parsing HTTP request header
 Note: further occurrences of HTTP request parsing errors will be logged at DEBUG level.

java.lang.IllegalArgumentException: Invalid character found in the request target [/api/files/upload?file=%22C:\Users\ankit\Downloads\ASHUTOSH%20KUMAR_CV.pdf%22 ]. The valid characters are defined in RFC 7230 and RFC 3986
	at org.apache.coyote.http11.Http11InputBuffer.parseRequestLine(Http11InputBuffer.java:478) ~[tomcat-embed-core-10.1.43.jar:10.1.43]
	at org.apache.coyote.http11.Http11Processor.service(Http11Processor.java:271) ~[tomcat-embed-core-10.1.43.jar:10.1.43]
	at org.apache.coyote.AbstractProcessorLight.process(AbstractProcessorLight.java:63) ~[tomcat-embed-core-10.1.43.jar:10.1.43]
	at org.apache.coyote.AbstractProtocol$ConnectionHandler.process(AbstractProtocol.java:903) ~[tomcat-embed-core-10.1.43.jar:10.1.43]
	at org.apache.tomcat.util.net.NioEndpoint$SocketProcessor.doRun(NioEndpoint.java:1769) ~[tomcat-embed-core-10.1.43.jar:10.1.43]
	at org.apache.tomcat.util.net.SocketProcessorBase.run(SocketProcessorBase.java:52) ~[tomcat-embed-core-10.1.43.jar:10.1.43]
	at org.apache.tomcat.util.threads.ThreadPoolExecutor.runWorker(ThreadPoolExecutor.java:1189) ~[tomcat-embed-core-10.1.43.jar:10.1.43]
	at org.apache.tomcat.util.threads.ThreadPoolExecutor$Worker.run(ThreadPoolExecutor.java:658) ~[tomcat-embed-core-10.1.43.jar:10.1.43]
	at org.apache.tomcat.util.threads.TaskThread$WrappingRunnable.run(TaskThread.java:63) ~[tomcat-embed-core-10.1.43.jar:10.1.43]
	at java.base/java.lang.Thread.run(Thread.java:833) ~[na:na]

2025-09-09T22:46:55.273+05:30  INFO 22312 --- [EmployeeManagement] [http-nio-8080-exec-4] o.a.c.c.C.[Tomcat].[localhost].[/]       : Initializing Spring DispatcherServlet 'dispatcherServlet'
2025-09-09T22:46:55.278+05:30  INFO 22312 --- [EmployeeManagement] [http-nio-8080-exec-4] o.s.web.servlet.DispatcherServlet        : Initializing Servlet 'dispatcherServlet'
2025-09-09T22:46:55.387+05:30  INFO 22312 --- [EmployeeManagement] [http-nio-8080-exec-4] o.s.web.servlet.DispatcherServlet        : Completed initialization in 108 ms
2025-09-09T22:47:11.616+05:30  INFO 22312 --- [EmployeeManagement] [SpringApplicationShutdownHook] o.s.b.w.e.tomcat.GracefulShutdown        : Commencing graceful shutdown. Waiting for active requests to complete
2025-09-09T22:47:11.803+05:30  INFO 22312 --- [EmployeeManagement] [tomcat-shutdown] o.s.b.w.e.tomcat.GracefulShutdown        : Graceful shutdown complete
2025-09-09T22:47:11.857+05:30  INFO 22312 --- [EmployeeManagement] [SpringApplicationShutdownHook] j.LocalContainerEntityManagerFactoryBean : Closing JPA EntityManagerFactory for persistence unit 'default'
2025-09-09T22:47:11.886+05:30  INFO 22312 --- [EmployeeManagement] [SpringApplicationShutdownHook] com.zaxxer.hikari.HikariDataSource       : HikariPool-1 - Shutdown initiated...
2025-09-09T22:47:11.919+05:30  INFO 22312 --- [EmployeeManagement] [SpringApplicationShutdownHook] com.zaxxer.hikari.HikariDataSource       : HikariPool-1 - Shutdown completed.
2025-09-09T22:47:15.168+05:30  INFO 11148 --- [EmployeeManagement] [main] c.e.e.EmployeeManagementApplication      : Starting EmployeeManagementApplication using Java 18.0.2 with PID 11148 (C:\Users\ankit\OneDrive\Desktop\employee-management\employee-management\target\classes started by ankit in C:\Users\ankit\OneDrive\Desktop\employee-management)
2025-09-09T22:47:15.171+05:30 DEBUG 11148 --- [EmployeeManagement] [main] c.e.e.EmployeeManagementApplication      : Running with Spring Boot v3.5.4, Spring v6.2.9
2025-09-09T22:47:15.172+05:30  INFO 11148 --- [EmployeeManagement] [main] c.e.e.EmployeeManagementApplication      : No active profile set, falling back to 1 default profile: "default"
2025-09-09T22:47:16.306+05:30  INFO 11148 --- [EmployeeManagement] [main] .s.d.r.c.RepositoryConfigurationDelegate : Multiple Spring Data modules found, entering strict repository configuration mode
2025-09-09T22:47:16.310+05:30  INFO 11148 --- [EmployeeManagement] [main] .s.d.r.c.RepositoryConfigurationDelegate : Bootstrapping Spring Data JPA repositories in DEFAULT mode.
2025-09-09T22:47:16.493+05:30  INFO 11148 --- [EmployeeManagement] [main] .s.d.r.c.RepositoryConfigurationDelegate : Finished Spring Data repository scanning in 171 ms. Found 2 JPA repository interfaces.
2025-09-09T22:47:16.515+05:30  INFO 11148 --- [EmployeeManagement] [main] .s.d.r.c.RepositoryConfigurationDelegate : Multiple Spring Data modules found, entering strict repository configuration mode
2025-09-09T22:47:16.520+05:30  INFO 11148 --- [EmployeeManagement] [main] .s.d.r.c.RepositoryConfigurationDelegate : Bootstrapping Spring Data Redis repositories in DEFAULT mode.
2025-09-09T22:47:16.558+05:30  INFO 11148 --- [EmployeeManagement] [main] .RepositoryConfigurationExtensionSupport : Spring Data Redis - Could not safely identify store assignment for repository candidate interface com.example.employee_management.repository.EmployeeRepository; If you want this repository to be a Redis repository, consider annotating your entities with one of these annotations: org.springframework.data.redis.core.RedisHash (preferred), or consider extending one of the following types with your repository: org.springframework.data.keyvalue.repository.KeyValueRepository
2025-09-09T22:47:16.560+05:30  INFO 11148 --- [EmployeeManagement] [main] .RepositoryConfigurationExtensionSupport : Spring Data Redis - Could not safely identify store assignment for repository candidate interface com.example.employee_management.repository.UserRepository; If you want this repository to be a Redis repository, consider annotating your entities with one of these annotations: org.springframework.data.redis.core.RedisHash (preferred), or consider extending one of the following types with your repository: org.springframework.data.keyvalue.repository.KeyValueRepository
2025-09-09T22:47:16.560+05:30  INFO 11148 --- [EmployeeManagement] [main] .s.d.r.c.RepositoryConfigurationDelegate : Finished Spring Data repository scanning in 16 ms. Found 0 Redis repository interfaces.
2025-09-09T22:47:17.486+05:30  INFO 11148 --- [EmployeeManagement] [main] o.s.b.w.embedded.tomcat.TomcatWebServer  : Tomcat initialized with port 8080 (http)
2025-09-09T22:47:17.507+05:30  INFO 11148 --- [EmployeeManagement] [main] o.apache.catalina.core.StandardService   : Starting service [Tomcat]
2025-09-09T22:47:17.507+05:30  INFO 11148 --- [EmployeeManagement] [main] o.apache.catalina.core.StandardEngine    : Starting Servlet engine: [Apache Tomcat/10.1.43]
2025-09-09T22:47:17.596+05:30  INFO 11148 --- [EmployeeManagement] [main] o.a.c.c.C.[Tomcat].[localhost].[/]       : Initializing Spring embedded WebApplicationContext
2025-09-09T22:47:17.597+05:30  INFO 11148 --- [EmployeeManagement] [main] w.s.c.ServletWebServerApplicationContext : Root WebApplicationContext: initialization completed in 2368 ms
2025-09-09T22:47:18.237+05:30  INFO 11148 --- [EmployeeManagement] [main] o.hibernate.jpa.internal.util.LogHelper  : HHH000204: Processing PersistenceUnitInfo [name: default]
2025-09-09T22:47:18.347+05:30  INFO 11148 --- [EmployeeManagement] [main] org.hibernate.Version                    : HHH000412: Hibernate ORM core version 6.6.22.Final
2025-09-09T22:47:18.406+05:30  INFO 11148 --- [EmployeeManagement] [main] o.h.c.internal.RegionFactoryInitiator    : HHH000026: Second-level cache disabled
2025-09-09T22:47:18.755+05:30  INFO 11148 --- [EmployeeManagement] [main] o.s.o.j.p.SpringPersistenceUnitInfo      : No LoadTimeWeaver setup: ignoring JPA class transformer
2025-09-09T22:47:18.801+05:30  INFO 11148 --- [EmployeeManagement] [main] com.zaxxer.hikari.HikariDataSource       : HikariPool-1 - Starting...
2025-09-09T22:47:19.024+05:30  INFO 11148 --- [EmployeeManagement] [main] com.zaxxer.hikari.pool.HikariPool        : HikariPool-1 - Added connection com.mysql.cj.jdbc.ConnectionImpl@1f547af8
2025-09-09T22:47:19.026+05:30  INFO 11148 --- [EmployeeManagement] [main] com.zaxxer.hikari.HikariDataSource       : HikariPool-1 - Start completed.
2025-09-09T22:47:19.131+05:30  WARN 11148 --- [EmployeeManagement] [main] org.hibernate.orm.deprecation            : HHH90000025: MySQL8Dialect does not need to be specified explicitly using 'hibernate.dialect' (remove the property setting and it will be selected by default)
2025-09-09T22:47:19.132+05:30  WARN 11148 --- [EmployeeManagement] [main] org.hibernate.orm.deprecation            : HHH90000026: MySQL8Dialect has been deprecated; use org.hibernate.dialect.MySQLDialect instead
2025-09-09T22:47:19.157+05:30  INFO 11148 --- [EmployeeManagement] [main] org.hibernate.orm.connections.pooling    : HHH10001005: Database info:
	Database JDBC URL [Connecting through datasource 'HikariDataSource (HikariPool-1)']
	Database driver: undefined/unknown
	Database version: 8.0
	Autocommit mode: undefined/unknown
	Isolation level: undefined/unknown
	Minimum pool size: undefined/unknown
	Maximum pool size: undefined/unknown
2025-09-09T22:47:20.233+05:30  INFO 11148 --- [EmployeeManagement] [main] o.h.e.t.j.p.i.JtaPlatformInitiator       : HHH000489: No JTA platform available (set 'hibernate.transaction.jta.platform' to enable JTA platform integration)
2025-09-09T22:47:20.359+05:30  INFO 11148 --- [EmployeeManagement] [main] j.LocalContainerEntityManagerFactoryBean : Initialized JPA EntityManagerFactory for persistence unit 'default'
2025-09-09T22:47:20.763+05:30 DEBUG 11148 --- [EmployeeManagement] [main] c.e.e.security.JwtAuthenticationFilter   : Filter 'jwtAuthenticationFilter' configured for use
2025-09-09T22:47:20.866+05:30  INFO 11148 --- [EmployeeManagement] [main] eAuthenticationProviderManagerConfigurer : Global AuthenticationManager configured with AuthenticationProvider bean with name daoAuthProvider
2025-09-09T22:47:20.867+05:30  WARN 11148 --- [EmployeeManagement] [main] r$InitializeUserDetailsManagerConfigurer : Global AuthenticationManager configured with an AuthenticationProvider bean. UserDetailsService beans will not be used by Spring Security for automatically configuring username/password login. Consider removing the AuthenticationProvider bean. Alternatively, consider using the UserDetailsService in a manually instantiated DaoAuthenticationProvider. If the current configuration is intentional, to turn off this warning, increase the logging level of 'org.springframework.security.config.annotation.authentication.configuration.InitializeUserDetailsBeanManagerConfigurer' to ERROR
2025-09-09T22:47:20.938+05:30  INFO 11148 --- [EmployeeManagement] [main] c.e.e.service.FileStorageService         : File storage location set to: C:\Users\ankit\OneDrive\Desktop\employee-management\uploads
2025-09-09T22:47:21.023+05:30  WARN 11148 --- [EmployeeManagement] [main] JpaBaseConfiguration$JpaWebConfiguration : spring.jpa.open-in-view is enabled by default. Therefore, database queries may be performed during view rendering. Explicitly configure spring.jpa.open-in-view to disable this warning
2025-09-09T22:47:21.975+05:30  INFO 11148 --- [EmployeeManagement] [main] o.s.b.w.embedded.tomcat.TomcatWebServer  : Tomcat started on port 8080 (http) with context path '/'
2025-09-09T22:47:21.989+05:30  INFO 11148 --- [EmployeeManagement] [main] c.e.e.EmployeeManagementApplication      : Started EmployeeManagementApplication in 7.512 seconds (process running for 8.03)
2025-09-09T22:47:28.297+05:30  INFO 11148 --- [EmployeeManagement] [http-nio-8080-exec-2] o.a.c.c.C.[Tomcat].[localhost].[/]       : Initializing Spring DispatcherServlet 'dispatcherServlet'
2025-09-09T22:47:28.297+05:30  INFO 11148 --- [EmployeeManagement] [http-nio-8080-exec-2] o.s.web.servlet.DispatcherServlet        : Initializing Servlet 'dispatcherServlet'
2025-09-09T22:47:28.299+05:30  INFO 11148 --- [EmployeeManagement] [http-nio-8080-exec-2] o.s.web.servlet.DispatcherServlet        : Completed initialization in 1 ms
2025-09-09T22:56:54.759+05:30  INFO 11148 --- [EmployeeManagement] [http-nio-8080-exec-2] c.e.e.controller.FileController          : Received upload request for file: ASHUTOSH KUMAR_CV.pdf
2025-09-09T22:56:54.764+05:30  INFO 11148 --- [EmployeeManagement] [http-nio-8080-exec-2] c.e.e.service.FileStorageService         : Uploading file: ASHUTOSH KUMAR_CV.pdf
2025-09-09T22:56:54.801+05:30  INFO 11148 --- [EmployeeManagement] [http-nio-8080-exec-2] c.e.e.service.FileStorageService         : File saved successfully: C:\Users\ankit\OneDrive\Desktop\employee-management\uploads\ASHUTOSH KUMAR_CV.pdf
2025-09-09T22:57:56.780+05:30  INFO 11148 --- [EmployeeManagement] [http-nio-8080-exec-4] c.e.e.controller.FileController          : Received download request for file: ASHUTOSH KUMAR_CV.pdf
2025-09-09T22:57:56.781+05:30  INFO 11148 --- [EmployeeManagement] [http-nio-8080-exec-4] c.e.e.service.FileStorageService         : Loading file: ASHUTOSH KUMAR_CV.pdf
2025-09-09T22:57:56.785+05:30  INFO 11148 --- [EmployeeManagement] [http-nio-8080-exec-4] c.e.e.controller.FileController          : File found, preparing download response for: ASHUTOSH KUMAR_CV.pdf
2025-09-09T22:58:06.827+05:30  INFO 11148 --- [EmployeeManagement] [http-nio-8080-exec-6] c.e.e.controller.FileController          : Received download request for file: ASHUTOSH KUMAR_CV
2025-09-09T22:58:06.828+05:30  INFO 11148 --- [EmployeeManagement] [http-nio-8080-exec-6] c.e.e.service.FileStorageService         : Loading file: ASHUTOSH KUMAR_CV
2025-09-09T22:58:06.829+05:30 ERROR 11148 --- [EmployeeManagement] [http-nio-8080-exec-6] c.e.e.controller.FileController          : File not found: ASHUTOSH KUMAR_CV
2025-09-09T22:58:16.685+05:30  INFO 11148 --- [EmployeeManagement] [http-nio-8080-exec-8] c.e.e.controller.FileController          : Received download request for file: file
2025-09-09T22:58:16.686+05:30  INFO 11148 --- [EmployeeManagement] [http-nio-8080-exec-8] c.e.e.service.FileStorageService         : Loading file: file
2025-09-09T22:58:16.687+05:30 ERROR 11148 --- [EmployeeManagement] [http-nio-8080-exec-8] c.e.e.controller.FileController          : File not found: file
2025-09-09T22:59:39.700+05:30  INFO 11148 --- [EmployeeManagement] [SpringApplicationShutdownHook] o.s.b.w.e.tomcat.GracefulShutdown        : Commencing graceful shutdown. Waiting for active requests to complete
2025-09-09T22:59:39.984+05:30  INFO 11148 --- [EmployeeManagement] [tomcat-shutdown] o.s.b.w.e.tomcat.GracefulShutdown        : Graceful shutdown complete
2025-09-09T22:59:40.033+05:30  INFO 11148 --- [EmployeeManagement] [SpringApplicationShutdownHook] j.LocalContainerEntityManagerFactoryBean : Closing JPA EntityManagerFactory for persistence unit 'default'
2025-09-09T22:59:40.056+05:30  INFO 11148 --- [EmployeeManagement] [SpringApplicationShutdownHook] com.zaxxer.hikari.HikariDataSource       : HikariPool-1 - Shutdown initiated...
2025-09-09T22:59:40.081+05:30  INFO 11148 --- [EmployeeManagement] [SpringApplicationShutdownHook] com.zaxxer.hikari.HikariDataSource       : HikariPool-1 - Shutdown completed.
